<?xml version="1.0" encoding="UTF-8"?>
<!-- Generated by org.testng.reporters.JUnitXMLReporter -->
<testsuite ignored="0" hostname="EC2AMAZ-S11DBRH" failures="0" tests="3" name="Default test" time="1.918" errors="0" timestamp="2024-05-03T11:36:55 GMT">
  <testcase classname="testScripts.PlaceOrderTest" name="validLogin" time="0.921"/>
  <testcase classname="testScripts.PlaceOrderTest" name="addItem" time="0.288"/>
  <testcase classname="testScripts.PlaceOrderTest" name="chkoutTest" time="0.584"/>
</testsuite> <!-- Default test -->
