<?xml version="1.0" encoding="UTF-8"?>
<testng-results ignored="0" total="3" passed="3" failed="0" skipped="0">
  <reporter-output>
  </reporter-output>
  <suite started-at="2024-05-03T11:36:53 GMT" name="Default suite" finished-at="2024-05-03T11:36:55 GMT" duration-ms="1918">
    <groups>
    </groups>
    <test started-at="2024-05-03T11:36:53 GMT" name="Default test" finished-at="2024-05-03T11:36:55 GMT" duration-ms="1918">
      <class name="testScripts.PlaceOrderTest">
        <test-method is-config="true" signature="setup()[pri:0, instance:testScripts.PlaceOrderTest@2a65bb85]" started-at="2024-05-03T11:36:53 GMT" name="setup" finished-at="2024-05-03T11:36:53 GMT" duration-ms="45" status="PASS">
          <reporter-output>
          </reporter-output>
        </test-method> <!-- setup -->
        <test-method signature="validLogin()[pri:1, instance:testScripts.PlaceOrderTest@2a65bb85]" started-at="2024-05-03T11:36:53 GMT" name="validLogin" finished-at="2024-05-03T11:36:54 GMT" duration-ms="921" status="PASS">
          <reporter-output>
          </reporter-output>
        </test-method> <!-- validLogin -->
        <test-method signature="addItem()[pri:2, instance:testScripts.PlaceOrderTest@2a65bb85]" started-at="2024-05-03T11:36:54 GMT" name="addItem" finished-at="2024-05-03T11:36:54 GMT" duration-ms="288" status="PASS">
          <reporter-output>
          </reporter-output>
        </test-method> <!-- addItem -->
        <test-method signature="chkoutTest()[pri:3, instance:testScripts.PlaceOrderTest@2a65bb85]" started-at="2024-05-03T11:36:54 GMT" name="chkoutTest" finished-at="2024-05-03T11:36:55 GMT" duration-ms="584" status="PASS">
          <reporter-output>
          </reporter-output>
        </test-method> <!-- chkoutTest -->
      </class> <!-- testScripts.PlaceOrderTest -->
    </test> <!-- Default test -->
  </suite> <!-- Default suite -->
</testng-results>
